Using pre-set license
Built from '2020.2/release' branch; Version is '2020.2.2f1 (068178b99f32) revision 426360'; Using compiler version '192528614'; Build Type 'Release'
OS: 'Windows 10 Home; OS build 19041.746; Version 2004; 64bit' Language: 'en' Physical Memory: 8050 MB
BatchMode: 1, IsHumanControllingUs: 0, StartBugReporterOnCrash: 0, Is64bit: 1, IsPro: 0

 COMMAND LINE ARGUMENTS:
C:\Program Files\Unity\Hub\Editor\2020.2.2f1\Editor\Unity.exe
-adb2
-batchMode
-noUpm
-name
AssetImportWorker0
-projectPath
N:/Data/Unity/Enamis Prototype
-logFile
Logs/AssetImportWorker0.log
-srvPort
52839
Successfully changed project path to: N:/Data/Unity/Enamis Prototype
N:/Data/Unity/Enamis Prototype
Using Asset Import Pipeline V2.
Refreshing native plugins compatible for Editor in 78.61 ms, found 1 plugins.
Preloading 0 native plugins for Editor in 0.00 ms.
Initialize engine version: 2020.2.2f1 (068178b99f32)
[Subsystems] Discovering subsystems at path C:/Program Files/Unity/Hub/Editor/2020.2.2f1/Editor/Data/Resources/UnitySubsystems
[Subsystems] Discovering subsystems at path N:/Data/Unity/Enamis Prototype/Assets
GfxDevice: creating device client; threaded=0
Direct3D:
    Version:  Direct3D 11.0 [level 11.1]
    Renderer: Intel(R) HD Graphics 630 (ID=0x591b)
    Vendor:   
    VRAM:     4025 MB
    Driver:   22.20.16.4749
Initialize mono
Mono path[0] = 'C:/Program Files/Unity/Hub/Editor/2020.2.2f1/Editor/Data/Managed'
Mono path[1] = 'C:/Program Files/Unity/Hub/Editor/2020.2.2f1/Editor/Data/MonoBleedingEdge/lib/mono/unityjit'
Mono config path = 'C:/Program Files/Unity/Hub/Editor/2020.2.2f1/Editor/Data/MonoBleedingEdge/etc'
Using monoOptions --debugger-agent=transport=dt_socket,embedding=1,server=y,suspend=n,address=127.0.0.1:56812
Begin MonoManager ReloadAssembly
Registering precompiled unity dll's ...
Register platform support module: C:/Program Files/Unity/Hub/Editor/2020.2.2f1/Editor/Data/PlaybackEngines/WebGLSupport/UnityEditor.WebGL.Extensions.dll
Register platform support module: C:/Program Files/Unity/Hub/Editor/2020.2.2f1/Editor/Data/PlaybackEngines/MacStandaloneSupport/UnityEditor.OSXStandalone.Extensions.dll
Register platform support module: C:/Program Files/Unity/Hub/Editor/2020.2.2f1/Editor/Data/PlaybackEngines/WindowsStandaloneSupport/UnityEditor.WindowsStandalone.Extensions.dll
Registered in 0.007124 seconds.
Native extension for WindowsStandalone target not found
Native extension for OSXStandalone target not found
Native extension for WebGL target not found
Refreshing native plugins compatible for Editor in 96.97 ms, found 1 plugins.
Preloading 0 native plugins for Editor in 0.00 ms.
Invoked RoslynAnalysisRunner static constructor.
RoslynAnalysisRunner will not be running.
RoslynAnalysisRunner has terminated.
Mono: successfully reloaded assembly
- Completed reload, in  4.438 seconds
Platform modules already initialized, skipping
Registering precompiled user dll's ...
Registered in 0.002127 seconds.
Begin MonoManager ReloadAssembly
Native extension for WindowsStandalone target not found
Native extension for OSXStandalone target not found
Native extension for WebGL target not found
Refreshing native plugins compatible for Editor in 87.08 ms, found 1 plugins.
Preloading 0 native plugins for Editor in 0.00 ms.
Invoked RoslynAnalysisRunner static constructor.
RoslynAnalysisRunner will not be running.
RoslynAnalysisRunner has terminated.
Mono: successfully reloaded assembly
- Completed reload, in  2.391 seconds
Platform modules already initialized, skipping
========================================================================
Worker process is ready to serve import requests
Launched and connected shader compiler UnityShaderCompiler.exe after 0.09 seconds
Refreshing native plugins compatible for Editor in 1.42 ms, found 1 plugins.
Preloading 0 native plugins for Editor in 0.00 ms.
Unloading 1797 Unused Serialized files (Serialized files now loaded: 0)
System memory in use before: 96.9 MB.
System memory in use after: 96.9 MB.

Unloading 24 unused Assets to reduce memory usage. Loaded Objects now: 2253.
Total: 4.442600 ms (FindLiveObjects: 0.485700 ms CreateObjectMapping: 0.181000 ms MarkObjects: 3.524300 ms  DeleteObjects: 0.249700 ms)

========================================================================
Received Import Request.
  path: Assets/_enamis_prototype/Scripts/Player/PlayerController.cs
  artifactKey: Guid(963fb8737235e3f4e88bcce68062b2c3) Importer(815301076,1909f56bfc062723c751e8b465ee728b)
Start importing Assets/_enamis_prototype/Scripts/Player/PlayerController.cs using Guid(963fb8737235e3f4e88bcce68062b2c3) Importer(815301076,1909f56bfc062723c751e8b465ee728b)  -> (artifact id: '7f10b66849c5e9c985f30b2c974572f0') in 0.073463 seconds
  Import took 0.080523 seconds .

========================================================================
Received Import Request.
  Time since last request: 0.017491 seconds.
  path: Assets/_enamis_prototype/Palette/Environemment/tile6.asset
  artifactKey: Guid(fec32c2c20a257b46ab52e712a109201) Importer(815301076,1909f56bfc062723c751e8b465ee728b)
Start importing Assets/_enamis_prototype/Palette/Environemment/tile6.asset using Guid(fec32c2c20a257b46ab52e712a109201) Importer(815301076,1909f56bfc062723c751e8b465ee728b)  -> (artifact id: '66f0f059efdb9669acc9a3e712750dc8') in 0.156456 seconds
  Import took 0.162138 seconds .

========================================================================
Received Import Request.
  Time since last request: 0.029712 seconds.
  path: Assets/_enamis_prototype/Prefabs/Playables/Player.prefab
  artifactKey: Guid(799f09e36dd7a7e489fd959309d3a5ab) Importer(815301076,1909f56bfc062723c751e8b465ee728b)
Start importing Assets/_enamis_prototype/Prefabs/Playables/Player.prefab using Guid(799f09e36dd7a7e489fd959309d3a5ab) Importer(815301076,1909f56bfc062723c751e8b465ee728b)  -> (artifact id: '2a9b1ab4cf043ddd2f8702aa16f3046e') in 0.095935 seconds
  Import took 0.104399 seconds .

========================================================================
Received Import Request.
  Time since last request: 0.036589 seconds.
  path: Assets/_enamis_prototype/Textures/icon.png
  artifactKey: Guid(8ff50d42ae962504384e7afb3e5cfdb3) Importer(815301076,1909f56bfc062723c751e8b465ee728b)
Start importing Assets/_enamis_prototype/Textures/icon.png using Guid(8ff50d42ae962504384e7afb3e5cfdb3) Importer(815301076,1909f56bfc062723c751e8b465ee728b)  -> (artifact id: '8ac431cfa71000c042104dea8e67f334') in 0.088196 seconds
  Import took 0.094808 seconds .

========================================================================
Received Import Request.
  Time since last request: 0.037503 seconds.
  path: Assets/_enamis_prototype/Scripts/Player/DontGoThroughThings.cs
  artifactKey: Guid(16f022f86dace7a47b8bf8e5467122a3) Importer(815301076,1909f56bfc062723c751e8b465ee728b)
Start importing Assets/_enamis_prototype/Scripts/Player/DontGoThroughThings.cs using Guid(16f022f86dace7a47b8bf8e5467122a3) Importer(815301076,1909f56bfc062723c751e8b465ee728b)  -> (artifact id: 'e450746e92fa63f208f8099766ddb079') in 0.011809 seconds
  Import took 0.018860 seconds .

========================================================================
Received Import Request.
  Time since last request: 0.074530 seconds.
  path: Assets/_enamis_prototype/Scripts/Platforms/BouncyPlatforms.cs
  artifactKey: Guid(40e538038ec253f438c966a240c01272) Importer(815301076,1909f56bfc062723c751e8b465ee728b)
Start importing Assets/_enamis_prototype/Scripts/Platforms/BouncyPlatforms.cs using Guid(40e538038ec253f438c966a240c01272) Importer(815301076,1909f56bfc062723c751e8b465ee728b)  -> (artifact id: '8e1b633ad2fdd7ffcd7d2d385e4bd9f6') in 0.009585 seconds
  Import took 0.015752 seconds .

========================================================================
Received Import Request.
  Time since last request: 0.008804 seconds.
  path: Assets/_enamis_prototype/Palette/Environemment
  artifactKey: Guid(ac267f32736c8be4bb457916b2cc214e) Importer(815301076,1909f56bfc062723c751e8b465ee728b)
Start importing Assets/_enamis_prototype/Palette/Environemment using Guid(ac267f32736c8be4bb457916b2cc214e) Importer(815301076,1909f56bfc062723c751e8b465ee728b)  -> (artifact id: '88d76d292ca9031d95d7a18cfe1ef8dd') in 0.008037 seconds
  Import took 0.014080 seconds .

========================================================================
Received Import Request.
  Time since last request: 0.011642 seconds.
  path: Assets/_enamis_prototype/Prefabs/Platforms/Bouncy Platform.prefab
  artifactKey: Guid(86226c922bdf2b64e956f07821c1d896) Importer(815301076,1909f56bfc062723c751e8b465ee728b)
Start importing Assets/_enamis_prototype/Prefabs/Platforms/Bouncy Platform.prefab using Guid(86226c922bdf2b64e956f07821c1d896) Importer(815301076,1909f56bfc062723c751e8b465ee728b)  -> (artifact id: '16ec42222cf42837235e09eb0c8146f0') in 0.028909 seconds
  Import took 0.035190 seconds .

========================================================================
Received Import Request.
  Time since last request: 0.021072 seconds.
  path: Assets/_enamis_prototype/Scripts/Camera
  artifactKey: Guid(c1f976448677d1e469cbf9c799f94b5f) Importer(815301076,1909f56bfc062723c751e8b465ee728b)
Start importing Assets/_enamis_prototype/Scripts/Camera using Guid(c1f976448677d1e469cbf9c799f94b5f) Importer(815301076,1909f56bfc062723c751e8b465ee728b)  -> (artifact id: '9ccb8138bc6e3d2705962fdda30f1d8d') in 0.009606 seconds
  Import took 0.015086 seconds .

========================================================================
Received Import Request.
  Time since last request: 0.009442 seconds.
  path: Assets/_enamis_prototype/Sprites/charaTest.png
  artifactKey: Guid(1331c50de47a1844a8c35abd9a4ccb60) Importer(815301076,1909f56bfc062723c751e8b465ee728b)
Start importing Assets/_enamis_prototype/Sprites/charaTest.png using Guid(1331c50de47a1844a8c35abd9a4ccb60) Importer(815301076,1909f56bfc062723c751e8b465ee728b)  -> (artifact id: 'ae4620ba5519d6d2603b27504d44ab5f') in 0.032851 seconds
  Import took 0.038792 seconds .

========================================================================
Received Import Request.
  Time since last request: 0.020355 seconds.
  path: Assets/_enamis_prototype/Textures/prototypeFirstPalette/tile2.png
  artifactKey: Guid(9669b2be84ceabd469ff6ffb53a450cc) Importer(815301076,1909f56bfc062723c751e8b465ee728b)
Start importing Assets/_enamis_prototype/Textures/prototypeFirstPalette/tile2.png using Guid(9669b2be84ceabd469ff6ffb53a450cc) Importer(815301076,1909f56bfc062723c751e8b465ee728b)  -> (artifact id: 'b6dcef01bd179b22b5852c4551af1e80') in 0.032081 seconds
  Import took 0.038325 seconds .

========================================================================
Received Import Request.
  Time since last request: 0.015250 seconds.
  path: Assets/_enamis_prototype/Textures/prototypeFirstPalette/tile6.png
  artifactKey: Guid(79b7ed9e74f10b14ea56f9c06fd5b386) Importer(815301076,1909f56bfc062723c751e8b465ee728b)
Start importing Assets/_enamis_prototype/Textures/prototypeFirstPalette/tile6.png using Guid(79b7ed9e74f10b14ea56f9c06fd5b386) Importer(815301076,1909f56bfc062723c751e8b465ee728b)  -> (artifact id: 'd3281f3bf83e9b9d6791761dc48f8186') in 0.022410 seconds
  Import took 0.030705 seconds .

========================================================================
Received Import Request.
  Time since last request: 0.033673 seconds.
  path: Assets/_enamis_prototype/Textures/prototypeFirstPalette/tile5.png
  artifactKey: Guid(ea4bb945cb1c99448ab6ddb17b1db5da) Importer(815301076,1909f56bfc062723c751e8b465ee728b)
Start importing Assets/_enamis_prototype/Textures/prototypeFirstPalette/tile5.png using Guid(ea4bb945cb1c99448ab6ddb17b1db5da) Importer(815301076,1909f56bfc062723c751e8b465ee728b)  -> (artifact id: 'ac7c18a43abe6c2accdc8aedb36f5019') in 0.029492 seconds
  Import took 0.038242 seconds .

========================================================================
Received Import Request.
  Time since last request: 0.030083 seconds.
  path: Assets/_enamis_prototype/Scenes/SampleScene.unity
  artifactKey: Guid(2cda990e2423bbf4892e6590ba056729) Importer(815301076,1909f56bfc062723c751e8b465ee728b)
Start importing Assets/_enamis_prototype/Scenes/SampleScene.unity using Guid(2cda990e2423bbf4892e6590ba056729) Importer(815301076,1909f56bfc062723c751e8b465ee728b)  -> (artifact id: '9bbd3c4ed391cdafe3055685480e5d4a') in 0.016604 seconds
  Import took 0.024262 seconds .

========================================================================
Received Import Request.
  Time since last request: 0.051113 seconds.
  path: Assets/_enamis_prototype/Textures/prototypeFirstPalette/tile3.png
  artifactKey: Guid(dfd02de4f4b868944bfc8df946d646d4) Importer(815301076,1909f56bfc062723c751e8b465ee728b)
Start importing Assets/_enamis_prototype/Textures/prototypeFirstPalette/tile3.png using Guid(dfd02de4f4b868944bfc8df946d646d4) Importer(815301076,1909f56bfc062723c751e8b465ee728b)  -> (artifact id: 'e5b8887eb43db5f73668c42972832a40') in 0.038195 seconds
  Import took 0.047578 seconds .

========================================================================
Received Import Request.
  Time since last request: 0.025980 seconds.
  path: Assets/_enamis_prototype/Prefabs/Platforms/Rock.prefab
  artifactKey: Guid(b902cba248d5718459aa8697b6d483bd) Importer(815301076,1909f56bfc062723c751e8b465ee728b)
Start importing Assets/_enamis_prototype/Prefabs/Platforms/Rock.prefab using Guid(b902cba248d5718459aa8697b6d483bd) Importer(815301076,1909f56bfc062723c751e8b465ee728b)  -> (artifact id: '0d82b758d020b96de6ec4f83f4497786') in 0.028583 seconds
  Import took 0.036942 seconds .

========================================================================
Received Import Request.
  Time since last request: 0.016595 seconds.
  path: Assets/_enamis_prototype/Textures/prototypeFirstPalette/tile1.png
  artifactKey: Guid(5128a44b2a0ed0c4da35becc21902920) Importer(815301076,1909f56bfc062723c751e8b465ee728b)
Start importing Assets/_enamis_prototype/Textures/prototypeFirstPalette/tile1.png using Guid(5128a44b2a0ed0c4da35becc21902920) Importer(815301076,1909f56bfc062723c751e8b465ee728b)  -> (artifact id: '621e89f5c369d9b902d1bbbe3e2ebbf6') in 0.023697 seconds
  Import took 0.030454 seconds .

========================================================================
Received Import Request.
  Time since last request: 0.012803 seconds.
  path: Assets/_enamis_prototype/Prefabs/Collectibles
  artifactKey: Guid(ae57f1f76c56c6840ad4b68ffd44050c) Importer(815301076,1909f56bfc062723c751e8b465ee728b)
Start importing Assets/_enamis_prototype/Prefabs/Collectibles using Guid(ae57f1f76c56c6840ad4b68ffd44050c) Importer(815301076,1909f56bfc062723c751e8b465ee728b)  -> (artifact id: '250653640588a8f7259c0b7352f0f68b') in 0.011129 seconds
  Import took 0.018059 seconds .

========================================================================
Received Import Request.
  Time since last request: 0.041639 seconds.
  path: Assets/_enamis_prototype/Palette/Environemment/Environement Palette.prefab
  artifactKey: Guid(27532075601465a46b5fff25c06d4920) Importer(815301076,1909f56bfc062723c751e8b465ee728b)
Start importing Assets/_enamis_prototype/Palette/Environemment/Environement Palette.prefab using Guid(27532075601465a46b5fff25c06d4920) Importer(815301076,1909f56bfc062723c751e8b465ee728b)  -> (artifact id: '37662efa8e0b2fe2f661ec48cd73b0e1') in 0.017489 seconds
  Import took 0.025576 seconds .

========================================================================
Received Import Request.
  Time since last request: 0.028806 seconds.
  path: Assets/_enamis_prototype/Palette/Environemment/tile1.asset
  artifactKey: Guid(1388c34dba722534a860efb4f0e4015c) Importer(815301076,1909f56bfc062723c751e8b465ee728b)
Start importing Assets/_enamis_prototype/Palette/Environemment/tile1.asset using Guid(1388c34dba722534a860efb4f0e4015c) Importer(815301076,1909f56bfc062723c751e8b465ee728b)  -> (artifact id: '39cfced5786e320aa8e583e6475cbab0') in 0.017124 seconds
  Import took 0.024325 seconds .

========================================================================
Received Import Request.
  Time since last request: 0.009952 seconds.
  path: Assets/_enamis_prototype/Textures/prototypeFirstPalette/tile4.png
  artifactKey: Guid(221f75711b3d92e46a0548054b9f3959) Importer(815301076,1909f56bfc062723c751e8b465ee728b)
Start importing Assets/_enamis_prototype/Textures/prototypeFirstPalette/tile4.png using Guid(221f75711b3d92e46a0548054b9f3959) Importer(815301076,1909f56bfc062723c751e8b465ee728b)  -> (artifact id: 'a85cee28f10ad20e74e4cc2c61777dc2') in 0.024889 seconds
  Import took 0.031333 seconds .

========================================================================
Received Import Request.
  Time since last request: 0.021246 seconds.
  path: Assets/_enamis_prototype/Palette/Environemment/tile4.asset
  artifactKey: Guid(6282f4b582c285a49b4126d68e8fec1d) Importer(815301076,1909f56bfc062723c751e8b465ee728b)
Start importing Assets/_enamis_prototype/Palette/Environemment/tile4.asset using Guid(6282f4b582c285a49b4126d68e8fec1d) Importer(815301076,1909f56bfc062723c751e8b465ee728b)  -> (artifact id: 'a288fc6397e43709995087277317973e') in 0.020234 seconds
  Import took 0.028078 seconds .

