Using pre-set license
Built from '2020.2/staging' branch; Version is '2020.2.3f1 (8ff31bc5bf5b) revision 9433883'; Using compiler version '192528614'; Build Type 'Release'
OS: 'Windows 10 Pro; OS build 19042.867; Version 2009; 64bit' Language: 'fr' Physical Memory: 8006 MB
BatchMode: 1, IsHumanControllingUs: 0, StartBugReporterOnCrash: 0, Is64bit: 1, IsPro: 0

 COMMAND LINE ARGUMENTS:
C:\Program Files\Unity\Hub\Editor\2020.2.3f1\Editor\Unity.exe
-adb2
-batchMode
-noUpm
-name
AssetImportWorker1
-projectPath
A:/zaidm/Documents/unity-workspace/Enamis-Prototype
-logFile
Logs/AssetImportWorker1.log
-srvPort
59429
Successfully changed project path to: A:/zaidm/Documents/unity-workspace/Enamis-Prototype
A:/zaidm/Documents/unity-workspace/Enamis-Prototype
Using Asset Import Pipeline V2.
Refreshing native plugins compatible for Editor in 263.95 ms, found 1 plugins.
Preloading 0 native plugins for Editor in 0.00 ms.
Initialize engine version: 2020.2.3f1 (8ff31bc5bf5b)
[Subsystems] Discovering subsystems at path C:/Program Files/Unity/Hub/Editor/2020.2.3f1/Editor/Data/Resources/UnitySubsystems
[Subsystems] Discovering subsystems at path A:/zaidm/Documents/unity-workspace/Enamis-Prototype/Assets
GfxDevice: creating device client; threaded=0
Direct3D:
    Version:  Direct3D 11.0 [level 11.1]
    Renderer: Intel(R) UHD Graphics 620 (ID=0x3ea0)
    Vendor:   
    VRAM:     4003 MB
    Driver:   27.20.100.8935
Initialize mono
Mono path[0] = 'C:/Program Files/Unity/Hub/Editor/2020.2.3f1/Editor/Data/Managed'
Mono path[1] = 'C:/Program Files/Unity/Hub/Editor/2020.2.3f1/Editor/Data/MonoBleedingEdge/lib/mono/unityjit'
Mono config path = 'C:/Program Files/Unity/Hub/Editor/2020.2.3f1/Editor/Data/MonoBleedingEdge/etc'
Using monoOptions --debugger-agent=transport=dt_socket,embedding=1,server=y,suspend=n,address=127.0.0.1:56512
Begin MonoManager ReloadAssembly
Registering precompiled unity dll's ...
Register platform support module: C:/Program Files/Unity/Hub/Editor/2020.2.3f1/Editor/Data/PlaybackEngines/WebGLSupport/UnityEditor.WebGL.Extensions.dll
Register platform support module: C:/Program Files/Unity/Hub/Editor/2020.2.3f1/Editor/Data/PlaybackEngines/WindowsStandaloneSupport/UnityEditor.WindowsStandalone.Extensions.dll
Registered in 0.003621 seconds.
Native extension for WindowsStandalone target not found
Native extension for WebGL target not found
Refreshing native plugins compatible for Editor in 47.21 ms, found 1 plugins.
Preloading 0 native plugins for Editor in 0.00 ms.
Invoked RoslynAnalysisRunner static constructor.
RoslynAnalysisRunner will not be running.
RoslynAnalysisRunner has terminated.
Mono: successfully reloaded assembly
- Completed reload, in  4.308 seconds
Platform modules already initialized, skipping
Registering precompiled user dll's ...
Registered in 0.020820 seconds.
Begin MonoManager ReloadAssembly
Native extension for WindowsStandalone target not found
Native extension for WebGL target not found
Refreshing native plugins compatible for Editor in 39.14 ms, found 1 plugins.
Preloading 0 native plugins for Editor in 0.00 ms.
Invoked RoslynAnalysisRunner static constructor.
RoslynAnalysisRunner will not be running.
RoslynAnalysisRunner has terminated.
Mono: successfully reloaded assembly
- Completed reload, in  2.343 seconds
Platform modules already initialized, skipping
========================================================================
Worker process is ready to serve import requests
Launched and connected shader compiler UnityShaderCompiler.exe after 0.14 seconds
Refreshing native plugins compatible for Editor in 1.15 ms, found 1 plugins.
Preloading 0 native plugins for Editor in 0.00 ms.
Unloading 1799 Unused Serialized files (Serialized files now loaded: 0)
System memory in use before: 84.4 MB.
System memory in use after: 84.5 MB.

Unloading 19 unused Assets to reduce memory usage. Loaded Objects now: 2246.
Total: 4.379000 ms (FindLiveObjects: 0.287400 ms CreateObjectMapping: 0.126400 ms MarkObjects: 3.831400 ms  DeleteObjects: 0.131200 ms)

========================================================================
Received Import Request.
  path: Assets/_enamis_prototype/Scripts/Platforms/DestroyPlatfoms.cs
  artifactKey: Guid(abe5c90d79a31a1429752b42e7a440a5) Importer(815301076,1909f56bfc062723c751e8b465ee728b)
Start importing Assets/_enamis_prototype/Scripts/Platforms/DestroyPlatfoms.cs using Guid(abe5c90d79a31a1429752b42e7a440a5) Importer(815301076,1909f56bfc062723c751e8b465ee728b)  -> (artifact id: '7ad387285fd74dada15d0bf99053bf34') in 0.294183 seconds
  Import took 0.321002 seconds .

========================================================================
Received Prepare
Registering precompiled user dll's ...
Registered in 0.022227 seconds.
Begin MonoManager ReloadAssembly
Native extension for WindowsStandalone target not found
Native extension for WebGL target not found
Refreshing native plugins compatible for Editor in 0.58 ms, found 1 plugins.
Preloading 0 native plugins for Editor in 0.00 ms.
Invoked RoslynAnalysisRunner static constructor.
RoslynAnalysisRunner will not be running.
RoslynAnalysisRunner has terminated.
Mono: successfully reloaded assembly
- Completed reload, in  2.650 seconds
Platform modules already initialized, skipping
Refreshing native plugins compatible for Editor in 0.60 ms, found 1 plugins.
Preloading 0 native plugins for Editor in 0.00 ms.
Unloading 1789 Unused Serialized files (Serialized files now loaded: 0)
System memory in use before: 84.0 MB.
System memory in use after: 84.1 MB.

Unloading 7 unused Assets to reduce memory usage. Loaded Objects now: 2249.
Total: 3.115100 ms (FindLiveObjects: 0.212500 ms CreateObjectMapping: 0.078700 ms MarkObjects: 2.793800 ms  DeleteObjects: 0.028100 ms)

========================================================================
Received Prepare
Registering precompiled user dll's ...
Registered in 0.009995 seconds.
Begin MonoManager ReloadAssembly
Native extension for WindowsStandalone target not found
Native extension for WebGL target not found
Refreshing native plugins compatible for Editor in 1.16 ms, found 1 plugins.
Preloading 0 native plugins for Editor in 0.00 ms.
Invoked RoslynAnalysisRunner static constructor.
RoslynAnalysisRunner will not be running.
RoslynAnalysisRunner has terminated.
Mono: successfully reloaded assembly
- Completed reload, in  3.792 seconds
Platform modules already initialized, skipping
Refreshing native plugins compatible for Editor in 0.63 ms, found 1 plugins.
Preloading 0 native plugins for Editor in 0.00 ms.
Unloading 1789 Unused Serialized files (Serialized files now loaded: 0)
System memory in use before: 84.0 MB.
System memory in use after: 84.1 MB.

Unloading 7 unused Assets to reduce memory usage. Loaded Objects now: 2252.
Total: 3.185900 ms (FindLiveObjects: 0.274500 ms CreateObjectMapping: 0.158200 ms MarkObjects: 2.725000 ms  DeleteObjects: 0.023500 ms)

========================================================================
Received Import Request.
  Time since last request: 418.423646 seconds.
  path: Assets/_enamis_prototype/Prefabs/Platforms/Moving Platforms.prefab
  artifactKey: Guid(f66268ff7eff18a49baec72b3a5a5789) Importer(815301076,1909f56bfc062723c751e8b465ee728b)
Start importing Assets/_enamis_prototype/Prefabs/Platforms/Moving Platforms.prefab using Guid(f66268ff7eff18a49baec72b3a5a5789) Importer(815301076,1909f56bfc062723c751e8b465ee728b)  -> (artifact id: '7cbe04e59c653986686af55375f3f364') in 0.293093 seconds
  Import took 0.322225 seconds .

========================================================================
Received Import Request.
  Time since last request: 13.753238 seconds.
  path: Assets/_enamis_prototype/Prefabs/Platforms/Destroy Platform.prefab
  artifactKey: Guid(939b816e6466d5740b774107c337ed41) Importer(815301076,1909f56bfc062723c751e8b465ee728b)
Start importing Assets/_enamis_prototype/Prefabs/Platforms/Destroy Platform.prefab using Guid(939b816e6466d5740b774107c337ed41) Importer(815301076,1909f56bfc062723c751e8b465ee728b)  -> (artifact id: '4ec092add055fa1a1be79dace8af6300') in 0.030404 seconds
  Import took 0.069593 seconds .

========================================================================
Received Prepare
Registering precompiled user dll's ...
Registered in 0.001449 seconds.
Begin MonoManager ReloadAssembly
Native extension for WindowsStandalone target not found
Native extension for WebGL target not found
Refreshing native plugins compatible for Editor in 0.41 ms, found 1 plugins.
Preloading 0 native plugins for Editor in 0.00 ms.
Invoked RoslynAnalysisRunner static constructor.
RoslynAnalysisRunner will not be running.
RoslynAnalysisRunner has terminated.
Mono: successfully reloaded assembly
- Completed reload, in  0.987 seconds
Platform modules already initialized, skipping
Refreshing native plugins compatible for Editor in 0.36 ms, found 1 plugins.
Preloading 0 native plugins for Editor in 0.00 ms.
Unloading 1789 Unused Serialized files (Serialized files now loaded: 0)
System memory in use before: 87.2 MB.
System memory in use after: 87.3 MB.

Unloading 7 unused Assets to reduce memory usage. Loaded Objects now: 2262.
Total: 2.373400 ms (FindLiveObjects: 0.233200 ms CreateObjectMapping: 0.091400 ms MarkObjects: 2.024000 ms  DeleteObjects: 0.023700 ms)

========================================================================
Received Prepare
Registering precompiled user dll's ...
Registered in 0.000943 seconds.
Begin MonoManager ReloadAssembly
Native extension for WindowsStandalone target not found
Native extension for WebGL target not found
Refreshing native plugins compatible for Editor in 1.30 ms, found 1 plugins.
Preloading 0 native plugins for Editor in 0.00 ms.
Invoked RoslynAnalysisRunner static constructor.
RoslynAnalysisRunner will not be running.
RoslynAnalysisRunner has terminated.
Mono: successfully reloaded assembly
- Completed reload, in  2.513 seconds
Platform modules already initialized, skipping
Refreshing native plugins compatible for Editor in 0.39 ms, found 1 plugins.
Preloading 0 native plugins for Editor in 0.00 ms.
Unloading 1789 Unused Serialized files (Serialized files now loaded: 0)
System memory in use before: 87.2 MB.
System memory in use after: 87.3 MB.

Unloading 7 unused Assets to reduce memory usage. Loaded Objects now: 2265.
Total: 3.179300 ms (FindLiveObjects: 0.374100 ms CreateObjectMapping: 0.128800 ms MarkObjects: 2.658200 ms  DeleteObjects: 0.016500 ms)

========================================================================
Received Prepare
Registering precompiled user dll's ...
Registered in 0.103075 seconds.
Begin MonoManager ReloadAssembly
Native extension for WindowsStandalone target not found
Native extension for WebGL target not found
Refreshing native plugins compatible for Editor in 1.13 ms, found 1 plugins.
Preloading 0 native plugins for Editor in 0.00 ms.
Invoked RoslynAnalysisRunner static constructor.
RoslynAnalysisRunner will not be running.
RoslynAnalysisRunner has terminated.
Mono: successfully reloaded assembly
- Completed reload, in  2.249 seconds
Platform modules already initialized, skipping
Refreshing native plugins compatible for Editor in 1.35 ms, found 1 plugins.
Preloading 0 native plugins for Editor in 0.00 ms.
Unloading 1789 Unused Serialized files (Serialized files now loaded: 0)
System memory in use before: 87.2 MB.
System memory in use after: 87.3 MB.

Unloading 7 unused Assets to reduce memory usage. Loaded Objects now: 2268.
Total: 9.275300 ms (FindLiveObjects: 1.317300 ms CreateObjectMapping: 0.385900 ms MarkObjects: 7.505600 ms  DeleteObjects: 0.057100 ms)

